

Started GET "/" for 127.0.0.1 at 2014-08-09 12:08:08 -0500
Processing by Rails::WelcomeController#index as HTML
  Rendered /var/lib/gems/1.9.1/gems/railties-4.1.1/lib/rails/templates/rails/welcome/index.html.erb (3.0ms)
Completed 200 OK in 77ms (Views: 68.7ms | ActiveRecord: 0.0ms)


Started GET "/" for 127.0.0.1 at 2014-08-09 13:35:41 -0500
Processing by Rails::WelcomeController#index as HTML
  Rendered /var/lib/gems/1.9.1/gems/railties-4.1.1/lib/rails/templates/rails/welcome/index.html.erb (2.2ms)
Completed 200 OK in 37ms (Views: 27.7ms | ActiveRecord: 0.0ms)
  [1m[36m (69.3ms)[0m  [1mCREATE TABLE `schema_migrations` (`version` varchar(255) NOT NULL) ENGINE=InnoDB[0m
  [1m[35m (189.1ms)[0m  CREATE UNIQUE INDEX `unique_schema_migrations`  ON `schema_migrations` (`version`) 
  [1m[36mActiveRecord::SchemaMigration Load (0.6ms)[0m  [1mSELECT `schema_migrations`.* FROM `schema_migrations`[0m
Migrating to CreateUsuarios (20140809184226)
  [1m[36mActiveRecord::SchemaMigration Load (0.2ms)[0m  [1mSELECT `schema_migrations`.* FROM `schema_migrations`[0m
Migrating to CreateUsuarios (20140809184226)
  [1m[36mActiveRecord::SchemaMigration Load (0.4ms)[0m  [1mSELECT `schema_migrations`.* FROM `schema_migrations`[0m
Migrating to CreateUsuarios (20140809184226)
  [1m[36mActiveRecord::SchemaMigration Load (0.3ms)[0m  [1mSELECT `schema_migrations`.* FROM `schema_migrations`[0m
Migrating to CreateUsuarios (20140809184226)
  [1m[36mActiveRecord::SchemaMigration Load (0.2ms)[0m  [1mSELECT `schema_migrations`.* FROM `schema_migrations`[0m
Migrating to CreateUsuarios (20140809184226)
  [1m[36mActiveRecord::SchemaMigration Load (0.2ms)[0m  [1mSELECT `schema_migrations`.* FROM `schema_migrations`[0m
Migrating to CreateUsuarios (20140809184226)
  [1m[35m (77.5ms)[0m  CREATE TABLE `usuarios` (`id` int(11) auto_increment PRIMARY KEY, `username` varchar(255), `password` varchar(255), `imagen` blob, `created_at` datetime, `updated_at` datetime) ENGINE=InnoDB
  [1m[36m (0.2ms)[0m  [1mBEGIN[0m
  [1m[35mSQL (3.8ms)[0m  INSERT INTO `schema_migrations` (`version`) VALUES ('20140809184226')
  [1m[36m (35.0ms)[0m  [1mCOMMIT[0m
  [1m[35mActiveRecord::SchemaMigration Load (0.5ms)[0m  SELECT `schema_migrations`.* FROM `schema_migrations`


Started GET "/" for 127.0.0.1 at 2014-08-09 14:16:10 -0500
  [1m[36mActiveRecord::SchemaMigration Load (0.2ms)[0m  [1mSELECT `schema_migrations`.* FROM `schema_migrations`[0m
Processing by UsuariosController#index as HTML
  [1m[35mUsuario Load (0.6ms)[0m  SELECT `usuarios`.* FROM `usuarios`
  Rendered usuarios/index.html.erb within layouts/application (23.8ms)
Completed 200 OK in 571ms (Views: 557.7ms | ActiveRecord: 0.6ms)


Started GET "/assets/bootstrap-theme.css?body=1" for 127.0.0.1 at 2014-08-09 14:16:10 -0500


Started GET "/stylesheets/bootstrap-theme.css.map.css" for 127.0.0.1 at 2014-08-09 14:16:11 -0500

ActionController::RoutingError (No route matches [GET] "/stylesheets/bootstrap-theme.css.map.css"):
  actionpack (4.1.1) lib/action_dispatch/middleware/debug_exceptions.rb:21:in `call'
  actionpack (4.1.1) lib/action_dispatch/middleware/show_exceptions.rb:30:in `call'
  railties (4.1.1) lib/rails/rack/logger.rb:38:in `call_app'
  railties (4.1.1) lib/rails/rack/logger.rb:20:in `block in call'
  activesupport (4.1.1) lib/active_support/tagged_logging.rb:68:in `block in tagged'
  activesupport (4.1.1) lib/active_support/tagged_logging.rb:26:in `tagged'
  activesupport (4.1.1) lib/active_support/tagged_logging.rb:68:in `tagged'
  railties (4.1.1) lib/rails/rack/logger.rb:20:in `call'
  actionpack (4.1.1) lib/action_dispatch/middleware/request_id.rb:21:in `call'
  rack (1.5.2) lib/rack/methodoverride.rb:21:in `call'
  rack (1.5.2) lib/rack/runtime.rb:17:in `call'
  activesupport (4.1.1) lib/active_support/cache/strategy/local_cache_middleware.rb:26:in `call'
  rack (1.5.2) lib/rack/lock.rb:17:in `call'
  actionpack (4.1.1) lib/action_dispatch/middleware/static.rb:64:in `call'
  rack (1.5.2) lib/rack/sendfile.rb:112:in `call'
  railties (4.1.1) lib/rails/engine.rb:514:in `call'
  railties (4.1.1) lib/rails/application.rb:144:in `call'
  rack (1.5.2) lib/rack/lock.rb:17:in `call'
  rack (1.5.2) lib/rack/content_length.rb:14:in `call'
  rack (1.5.2) lib/rack/handler/webrick.rb:60:in `service'
  /usr/lib/ruby/1.9.1/webrick/httpserver.rb:138:in `service'
  /usr/lib/ruby/1.9.1/webrick/httpserver.rb:94:in `run'
  /usr/lib/ruby/1.9.1/webrick/server.rb:191:in `block in start_thread'


  Rendered /var/lib/gems/1.9.1/gems/actionpack-4.1.1/lib/action_dispatch/middleware/templates/rescues/_trace.html.erb (1.0ms)
  Rendered /var/lib/gems/1.9.1/gems/actionpack-4.1.1/lib/action_dispatch/middleware/templates/routes/_route.html.erb (20.7ms)
  Rendered /var/lib/gems/1.9.1/gems/actionpack-4.1.1/lib/action_dispatch/middleware/templates/routes/_table.html.erb (24.1ms)
  Rendered /var/lib/gems/1.9.1/gems/actionpack-4.1.1/lib/action_dispatch/middleware/templates/rescues/routing_error.html.erb within rescues/layout (87.5ms)


Started GET "/assets/bootstrap.css?body=1" for 127.0.0.1 at 2014-08-09 14:16:11 -0500


Started GET "/assets/bootstrap-theme.min.css?body=1" for 127.0.0.1 at 2014-08-09 14:16:11 -0500


Started GET "/stylesheets/bootstrap.css.map.css" for 127.0.0.1 at 2014-08-09 14:16:11 -0500

ActionController::RoutingError (No route matches [GET] "/stylesheets/bootstrap.css.map.css"):
  actionpack (4.1.1) lib/action_dispatch/middleware/debug_exceptions.rb:21:in `call'
  actionpack (4.1.1) lib/action_dispatch/middleware/show_exceptions.rb:30:in `call'
  railties (4.1.1) lib/rails/rack/logger.rb:38:in `call_app'
  railties (4.1.1) lib/rails/rack/logger.rb:20:in `block in call'
  activesupport (4.1.1) lib/active_support/tagged_logging.rb:68:in `block in tagged'
  activesupport (4.1.1) lib/active_support/tagged_logging.rb:26:in `tagged'
  activesupport (4.1.1) lib/active_support/tagged_logging.rb:68:in `tagged'
  railties (4.1.1) lib/rails/rack/logger.rb:20:in `call'
  actionpack (4.1.1) lib/action_dispatch/middleware/request_id.rb:21:in `call'
  rack (1.5.2) lib/rack/methodoverride.rb:21:in `call'
  rack (1.5.2) lib/rack/runtime.rb:17:in `call'
  activesupport (4.1.1) lib/active_support/cache/strategy/local_cache_middleware.rb:26:in `call'
  rack (1.5.2) lib/rack/lock.rb:17:in `call'
  actionpack (4.1.1) lib/action_dispatch/middleware/static.rb:64:in `call'
  rack (1.5.2) lib/rack/sendfile.rb:112:in `call'
  railties (4.1.1) lib/rails/engine.rb:514:in `call'
  railties (4.1.1) lib/rails/application.rb:144:in `call'
  rack (1.5.2) lib/rack/lock.rb:17:in `call'
  rack (1.5.2) lib/rack/content_length.rb:14:in `call'
  rack (1.5.2) lib/rack/handler/webrick.rb:60:in `service'
  /usr/lib/ruby/1.9.1/webrick/httpserver.rb:138:in `service'
  /usr/lib/ruby/1.9.1/webrick/httpserver.rb:94:in `run'
  /usr/lib/ruby/1.9.1/webrick/server.rb:191:in `block in start_thread'


  Rendered /var/lib/gems/1.9.1/gems/actionpack-4.1.1/lib/action_dispatch/middleware/templates/rescues/_trace.html.erb (1.2ms)
  Rendered /var/lib/gems/1.9.1/gems/actionpack-4.1.1/lib/action_dispatch/middleware/templates/routes/_route.html.erb (1.9ms)
  Rendered /var/lib/gems/1.9.1/gems/actionpack-4.1.1/lib/action_dispatch/middleware/templates/routes/_table.html.erb (1.0ms)
  Rendered /var/lib/gems/1.9.1/gems/actionpack-4.1.1/lib/action_dispatch/middleware/templates/rescues/routing_error.html.erb within rescues/layout (18.5ms)


Started GET "/assets/bootstrap.min.css?body=1" for 127.0.0.1 at 2014-08-09 14:16:11 -0500


Started GET "/assets/scaffolds.css?body=1" for 127.0.0.1 at 2014-08-09 14:16:11 -0500


Started GET "/assets/usuarios.css?body=1" for 127.0.0.1 at 2014-08-09 14:16:11 -0500


Started GET "/assets/application.css?body=1" for 127.0.0.1 at 2014-08-09 14:16:11 -0500


Started GET "/assets/jquery.js?body=1" for 127.0.0.1 at 2014-08-09 14:16:11 -0500


Started GET "/assets/jquery_ujs.js?body=1" for 127.0.0.1 at 2014-08-09 14:16:11 -0500


Started GET "/assets/bootstrap.js?body=1" for 127.0.0.1 at 2014-08-09 14:16:11 -0500


Started GET "/assets/turbolinks.js?body=1" for 127.0.0.1 at 2014-08-09 14:16:11 -0500


Started GET "/assets/bootstrap.min.js?body=1" for 127.0.0.1 at 2014-08-09 14:16:11 -0500


Started GET "/assets/usuarios.js?body=1" for 127.0.0.1 at 2014-08-09 14:16:11 -0500


Started GET "/assets/application.js?body=1" for 127.0.0.1 at 2014-08-09 14:16:11 -0500


Started GET "/usuarios/new" for 127.0.0.1 at 2014-08-09 14:16:38 -0500
Processing by UsuariosController#new as HTML
  Rendered usuarios/_form.html.erb (63.5ms)
  Rendered usuarios/new.html.erb within layouts/application (65.6ms)
Completed 200 OK in 83ms (Views: 79.7ms | ActiveRecord: 1.3ms)


Started GET "/" for 127.0.0.1 at 2014-08-09 14:31:17 -0500
Processing by UsuariosController#index as HTML
  [1m[36mUsuario Load (10.6ms)[0m  [1mSELECT `usuarios`.* FROM `usuarios`[0m
  Rendered usuarios/index.html.erb within layouts/application (11.9ms)
Completed 200 OK in 27ms (Views: 14.7ms | ActiveRecord: 10.6ms)


Started GET "/assets/bootstrap-theme.css?body=1" for 127.0.0.1 at 2014-08-09 14:31:17 -0500


Started GET "/stylesheets/bootstrap-theme.css.map.css" for 127.0.0.1 at 2014-08-09 14:31:17 -0500

ActionController::RoutingError (No route matches [GET] "/stylesheets/bootstrap-theme.css.map.css"):
  actionpack (4.1.1) lib/action_dispatch/middleware/debug_exceptions.rb:21:in `call'
  actionpack (4.1.1) lib/action_dispatch/middleware/show_exceptions.rb:30:in `call'
  railties (4.1.1) lib/rails/rack/logger.rb:38:in `call_app'
  railties (4.1.1) lib/rails/rack/logger.rb:20:in `block in call'
  activesupport (4.1.1) lib/active_support/tagged_logging.rb:68:in `block in tagged'
  activesupport (4.1.1) lib/active_support/tagged_logging.rb:26:in `tagged'
  activesupport (4.1.1) lib/active_support/tagged_logging.rb:68:in `tagged'
  railties (4.1.1) lib/rails/rack/logger.rb:20:in `call'
  actionpack (4.1.1) lib/action_dispatch/middleware/request_id.rb:21:in `call'
  rack (1.5.2) lib/rack/methodoverride.rb:21:in `call'
  rack (1.5.2) lib/rack/runtime.rb:17:in `call'
  activesupport (4.1.1) lib/active_support/cache/strategy/local_cache_middleware.rb:26:in `call'
  rack (1.5.2) lib/rack/lock.rb:17:in `call'
  actionpack (4.1.1) lib/action_dispatch/middleware/static.rb:64:in `call'
  rack (1.5.2) lib/rack/sendfile.rb:112:in `call'
  railties (4.1.1) lib/rails/engine.rb:514:in `call'
  railties (4.1.1) lib/rails/application.rb:144:in `call'
  rack (1.5.2) lib/rack/lock.rb:17:in `call'
  rack (1.5.2) lib/rack/content_length.rb:14:in `call'
  rack (1.5.2) lib/rack/handler/webrick.rb:60:in `service'
  /usr/lib/ruby/1.9.1/webrick/httpserver.rb:138:in `service'
  /usr/lib/ruby/1.9.1/webrick/httpserver.rb:94:in `run'
  /usr/lib/ruby/1.9.1/webrick/server.rb:191:in `block in start_thread'


  Rendered /var/lib/gems/1.9.1/gems/actionpack-4.1.1/lib/action_dispatch/middleware/templates/rescues/_trace.html.erb (1.0ms)
  Rendered /var/lib/gems/1.9.1/gems/actionpack-4.1.1/lib/action_dispatch/middleware/templates/routes/_route.html.erb (0.9ms)
  Rendered /var/lib/gems/1.9.1/gems/actionpack-4.1.1/lib/action_dispatch/middleware/templates/routes/_table.html.erb (0.8ms)
  Rendered /var/lib/gems/1.9.1/gems/actionpack-4.1.1/lib/action_dispatch/middleware/templates/rescues/routing_error.html.erb within rescues/layout (18.6ms)


Started GET "/assets/bootstrap-theme.min.css?body=1" for 127.0.0.1 at 2014-08-09 14:31:17 -0500


Started GET "/stylesheets/bootstrap.css.map.css" for 127.0.0.1 at 2014-08-09 14:31:17 -0500

ActionController::RoutingError (No route matches [GET] "/stylesheets/bootstrap.css.map.css"):
  actionpack (4.1.1) lib/action_dispatch/middleware/debug_exceptions.rb:21:in `call'
  actionpack (4.1.1) lib/action_dispatch/middleware/show_exceptions.rb:30:in `call'
  railties (4.1.1) lib/rails/rack/logger.rb:38:in `call_app'
  railties (4.1.1) lib/rails/rack/logger.rb:20:in `block in call'
  activesupport (4.1.1) lib/active_support/tagged_logging.rb:68:in `block in tagged'
  activesupport (4.1.1) lib/active_support/tagged_logging.rb:26:in `tagged'
  activesupport (4.1.1) lib/active_support/tagged_logging.rb:68:in `tagged'
  railties (4.1.1) lib/rails/rack/logger.rb:20:in `call'
  actionpack (4.1.1) lib/action_dispatch/middleware/request_id.rb:21:in `call'
  rack (1.5.2) lib/rack/methodoverride.rb:21:in `call'
  rack (1.5.2) lib/rack/runtime.rb:17:in `call'
  activesupport (4.1.1) lib/active_support/cache/strategy/local_cache_middleware.rb:26:in `call'
  rack (1.5.2) lib/rack/lock.rb:17:in `call'
  actionpack (4.1.1) lib/action_dispatch/middleware/static.rb:64:in `call'
  rack (1.5.2) lib/rack/sendfile.rb:112:in `call'
  railties (4.1.1) lib/rails/engine.rb:514:in `call'
  railties (4.1.1) lib/rails/application.rb:144:in `call'
  rack (1.5.2) lib/rack/lock.rb:17:in `call'
  rack (1.5.2) lib/rack/content_length.rb:14:in `call'
  rack (1.5.2) lib/rack/handler/webrick.rb:60:in `service'
  /usr/lib/ruby/1.9.1/webrick/httpserver.rb:138:in `service'
  /usr/lib/ruby/1.9.1/webrick/httpserver.rb:94:in `run'
  /usr/lib/ruby/1.9.1/webrick/server.rb:191:in `block in start_thread'


  Rendered /var/lib/gems/1.9.1/gems/actionpack-4.1.1/lib/action_dispatch/middleware/templates/rescues/_trace.html.erb (0.9ms)
  Rendered /var/lib/gems/1.9.1/gems/actionpack-4.1.1/lib/action_dispatch/middleware/templates/routes/_route.html.erb (1.1ms)
  Rendered /var/lib/gems/1.9.1/gems/actionpack-4.1.1/lib/action_dispatch/middleware/templates/routes/_table.html.erb (0.9ms)
  Rendered /var/lib/gems/1.9.1/gems/actionpack-4.1.1/lib/action_dispatch/middleware/templates/rescues/routing_error.html.erb within rescues/layout (14.5ms)


Started GET "/assets/bootstrap.css?body=1" for 127.0.0.1 at 2014-08-09 14:31:17 -0500


Started GET "/assets/scaffolds.css?body=1" for 127.0.0.1 at 2014-08-09 14:31:17 -0500


Started GET "/assets/bootstrap.min.css?body=1" for 127.0.0.1 at 2014-08-09 14:31:17 -0500


Started GET "/assets/usuarios.css?body=1" for 127.0.0.1 at 2014-08-09 14:31:17 -0500


Started GET "/assets/application.css?body=1" for 127.0.0.1 at 2014-08-09 14:31:17 -0500


Started GET "/assets/jquery.js?body=1" for 127.0.0.1 at 2014-08-09 14:31:17 -0500


Started GET "/assets/jquery_ujs.js?body=1" for 127.0.0.1 at 2014-08-09 14:31:17 -0500


Started GET "/assets/bootstrap.js?body=1" for 127.0.0.1 at 2014-08-09 14:31:17 -0500


Started GET "/assets/turbolinks.js?body=1" for 127.0.0.1 at 2014-08-09 14:31:17 -0500


Started GET "/assets/bootstrap.min.js?body=1" for 127.0.0.1 at 2014-08-09 14:31:17 -0500


Started GET "/assets/usuarios.js?body=1" for 127.0.0.1 at 2014-08-09 14:31:17 -0500


Started GET "/assets/application.js?body=1" for 127.0.0.1 at 2014-08-09 14:31:17 -0500


Started GET "/usuarios/new" for 127.0.0.1 at 2014-08-09 14:31:22 -0500
Processing by UsuariosController#new as HTML
  Rendered usuarios/_form.html.erb (8.0ms)
  Rendered usuarios/new.html.erb within layouts/application (9.4ms)
Completed 200 OK in 24ms (Views: 23.8ms | ActiveRecord: 0.0ms)
  [1m[36m (1.0ms)[0m  [1mDROP DATABASE IF EXISTS "newsmiles"[0m
  [1m[35m (1.0ms)[0m  DROP DATABASE IF EXISTS "newsmiles"
  [1m[36m (15090.8ms)[0m  [1mCREATE DATABASE "newsmiles" ENCODING = 'utf8'[0m
  [1m[35m (168.1ms)[0m  CREATE DATABASE "newsmiles" ENCODING = 'utf8'
PG::DuplicateDatabase: ERROR:  la base de datos «newsmiles» ya existe
: CREATE DATABASE "newsmiles" ENCODING = 'utf8'
  [1m[36m (469.8ms)[0m  [1mCREATE TABLE "usuarios" ("id" serial primary key, "username" character varying(255), "password" character varying(255), "imagen" bytea, "created_at" timestamp, "updated_at" timestamp) [0m
  [1m[35m (30.1ms)[0m  CREATE TABLE "schema_migrations" ("version" character varying(255) NOT NULL) 
  [1m[36m (55.1ms)[0m  [1mCREATE UNIQUE INDEX  "unique_schema_migrations" ON "schema_migrations"  ("version")[0m
  [1m[35m (2.0ms)[0m  SELECT version FROM "schema_migrations"
  [1m[36m (2.1ms)[0m  [1mINSERT INTO "schema_migrations" (version) VALUES ('20140809184226')[0m
  [1m[35mActiveRecord::SchemaMigration Load (2.0ms)[0m  SELECT "schema_migrations".* FROM "schema_migrations"
  [1m[36mActiveRecord::SchemaMigration Load (1.0ms)[0m  [1mSELECT "schema_migrations".* FROM "schema_migrations"[0m
  [1m[35mActiveRecord::SchemaMigration Load (1.0ms)[0m  SELECT "schema_migrations".* FROM "schema_migrations"


Started GET "/" for 127.0.0.1 at 2014-08-10 18:02:34 -0500
  [1m[36mActiveRecord::SchemaMigration Load (1.0ms)[0m  [1mSELECT "schema_migrations".* FROM "schema_migrations"[0m
Processing by UsuariosController#index as HTML
  [1m[35mUsuario Load (2.0ms)[0m  SELECT "usuarios".* FROM "usuarios"
  Rendered usuarios/index.html.erb within layouts/application (45.0ms)
Completed 200 OK in 4378ms (Views: 4266.9ms | ActiveRecord: 2.0ms)


Started GET "/assets/bootstrap-theme.css?body=1" for 127.0.0.1 at 2014-08-10 18:02:38 -0500


Started GET "/stylesheets/bootstrap-theme.css.map.css" for 127.0.0.1 at 2014-08-10 18:02:38 -0500

ActionController::RoutingError (No route matches [GET] "/stylesheets/bootstrap-theme.css.map.css"):
  actionpack (4.1.1) lib/action_dispatch/middleware/debug_exceptions.rb:21:in `call'
  actionpack (4.1.1) lib/action_dispatch/middleware/show_exceptions.rb:30:in `call'
  railties (4.1.1) lib/rails/rack/logger.rb:38:in `call_app'
  railties (4.1.1) lib/rails/rack/logger.rb:20:in `block in call'
  activesupport (4.1.1) lib/active_support/tagged_logging.rb:68:in `block in tagged'
  activesupport (4.1.1) lib/active_support/tagged_logging.rb:26:in `tagged'
  activesupport (4.1.1) lib/active_support/tagged_logging.rb:68:in `tagged'
  railties (4.1.1) lib/rails/rack/logger.rb:20:in `call'
  actionpack (4.1.1) lib/action_dispatch/middleware/request_id.rb:21:in `call'
  rack (1.5.2) lib/rack/methodoverride.rb:21:in `call'
  rack (1.5.2) lib/rack/runtime.rb:17:in `call'
  activesupport (4.1.1) lib/active_support/cache/strategy/local_cache_middleware.rb:26:in `call'
  rack (1.5.2) lib/rack/lock.rb:17:in `call'
  actionpack (4.1.1) lib/action_dispatch/middleware/static.rb:64:in `call'
  rack (1.5.2) lib/rack/sendfile.rb:112:in `call'
  railties (4.1.1) lib/rails/engine.rb:514:in `call'
  railties (4.1.1) lib/rails/application.rb:144:in `call'
  rack (1.5.2) lib/rack/lock.rb:17:in `call'
  rack (1.5.2) lib/rack/content_length.rb:14:in `call'
  rack (1.5.2) lib/rack/handler/webrick.rb:60:in `service'
  C:/RailsInstaller/Ruby1.9.3/lib/ruby/1.9.1/webrick/httpserver.rb:138:in `service'
  C:/RailsInstaller/Ruby1.9.3/lib/ruby/1.9.1/webrick/httpserver.rb:94:in `run'
  C:/RailsInstaller/Ruby1.9.3/lib/ruby/1.9.1/webrick/server.rb:191:in `block in start_thread'


  Rendered C:/RailsInstaller/Ruby1.9.3/lib/ruby/gems/1.9.1/gems/actionpack-4.1.1/lib/action_dispatch/middleware/templates/rescues/_trace.html.erb (1.0ms)
  Rendered C:/RailsInstaller/Ruby1.9.3/lib/ruby/gems/1.9.1/gems/actionpack-4.1.1/lib/action_dispatch/middleware/templates/routes/_route.html.erb (2.0ms)
  Rendered C:/RailsInstaller/Ruby1.9.3/lib/ruby/gems/1.9.1/gems/actionpack-4.1.1/lib/action_dispatch/middleware/templates/routes/_table.html.erb (224.6ms)
  Rendered C:/RailsInstaller/Ruby1.9.3/lib/ruby/gems/1.9.1/gems/actionpack-4.1.1/lib/action_dispatch/middleware/templates/rescues/routing_error.html.erb within rescues/layout (525.3ms)


Started GET "/assets/bootstrap-theme.min.css?body=1" for 127.0.0.1 at 2014-08-10 18:02:39 -0500


Started GET "/assets/bootstrap.css?body=1" for 127.0.0.1 at 2014-08-10 18:02:39 -0500


Started GET "/stylesheets/bootstrap.css.map.css" for 127.0.0.1 at 2014-08-10 18:02:39 -0500

ActionController::RoutingError (No route matches [GET] "/stylesheets/bootstrap.css.map.css"):
  actionpack (4.1.1) lib/action_dispatch/middleware/debug_exceptions.rb:21:in `call'
  actionpack (4.1.1) lib/action_dispatch/middleware/show_exceptions.rb:30:in `call'
  railties (4.1.1) lib/rails/rack/logger.rb:38:in `call_app'
  railties (4.1.1) lib/rails/rack/logger.rb:20:in `block in call'
  activesupport (4.1.1) lib/active_support/tagged_logging.rb:68:in `block in tagged'
  activesupport (4.1.1) lib/active_support/tagged_logging.rb:26:in `tagged'
  activesupport (4.1.1) lib/active_support/tagged_logging.rb:68:in `tagged'
  railties (4.1.1) lib/rails/rack/logger.rb:20:in `call'
  actionpack (4.1.1) lib/action_dispatch/middleware/request_id.rb:21:in `call'
  rack (1.5.2) lib/rack/methodoverride.rb:21:in `call'
  rack (1.5.2) lib/rack/runtime.rb:17:in `call'
  activesupport (4.1.1) lib/active_support/cache/strategy/local_cache_middleware.rb:26:in `call'
  rack (1.5.2) lib/rack/lock.rb:17:in `call'
  actionpack (4.1.1) lib/action_dispatch/middleware/static.rb:64:in `call'
  rack (1.5.2) lib/rack/sendfile.rb:112:in `call'
  railties (4.1.1) lib/rails/engine.rb:514:in `call'
  railties (4.1.1) lib/rails/application.rb:144:in `call'
  rack (1.5.2) lib/rack/lock.rb:17:in `call'
  rack (1.5.2) lib/rack/content_length.rb:14:in `call'
  rack (1.5.2) lib/rack/handler/webrick.rb:60:in `service'
  C:/RailsInstaller/Ruby1.9.3/lib/ruby/1.9.1/webrick/httpserver.rb:138:in `service'
  C:/RailsInstaller/Ruby1.9.3/lib/ruby/1.9.1/webrick/httpserver.rb:94:in `run'
  C:/RailsInstaller/Ruby1.9.3/lib/ruby/1.9.1/webrick/server.rb:191:in `block in start_thread'


  Rendered C:/RailsInstaller/Ruby1.9.3/lib/ruby/gems/1.9.1/gems/actionpack-4.1.1/lib/action_dispatch/middleware/templates/rescues/_trace.html.erb (1.0ms)
  Rendered C:/RailsInstaller/Ruby1.9.3/lib/ruby/gems/1.9.1/gems/actionpack-4.1.1/lib/action_dispatch/middleware/templates/routes/_route.html.erb (3.0ms)
  Rendered C:/RailsInstaller/Ruby1.9.3/lib/ruby/gems/1.9.1/gems/actionpack-4.1.1/lib/action_dispatch/middleware/templates/routes/_table.html.erb (2.0ms)
  Rendered C:/RailsInstaller/Ruby1.9.3/lib/ruby/gems/1.9.1/gems/actionpack-4.1.1/lib/action_dispatch/middleware/templates/rescues/routing_error.html.erb within rescues/layout (186.1ms)


Started GET "/assets/bootstrap.min.css?body=1" for 127.0.0.1 at 2014-08-10 18:02:40 -0500


Started GET "/assets/scaffolds.css?body=1" for 127.0.0.1 at 2014-08-10 18:02:40 -0500


Started GET "/assets/usuarios.css?body=1" for 127.0.0.1 at 2014-08-10 18:02:40 -0500


Started GET "/assets/application.css?body=1" for 127.0.0.1 at 2014-08-10 18:02:40 -0500


Started GET "/assets/jquery.js?body=1" for 127.0.0.1 at 2014-08-10 18:02:40 -0500


Started GET "/assets/jquery_ujs.js?body=1" for 127.0.0.1 at 2014-08-10 18:02:40 -0500


Started GET "/assets/usuarios.js?body=1" for 127.0.0.1 at 2014-08-10 18:02:40 -0500


Started GET "/assets/bootstrap.js?body=1" for 127.0.0.1 at 2014-08-10 18:02:40 -0500


Started GET "/assets/application.js?body=1" for 127.0.0.1 at 2014-08-10 18:02:40 -0500


Started GET "/assets/turbolinks.js?body=1" for 127.0.0.1 at 2014-08-10 18:02:40 -0500


Started GET "/assets/bootstrap.min.js?body=1" for 127.0.0.1 at 2014-08-10 18:02:40 -0500
